2025-10-09 21:33:44,020 INFO o.a.j.u.JMeterUtils: Setting Locale to en_EN
2025-10-09 21:33:44,030 INFO o.a.j.JMeter: Loading user properties from: user.properties
2025-10-09 21:33:44,033 INFO o.a.j.JMeter: Loading system properties from: system.properties
2025-10-09 21:33:44,038 INFO o.a.j.JMeter: Copyright (c) 1998-2024 The Apache Software Foundation
2025-10-09 21:33:44,039 INFO o.a.j.JMeter: Version 5.6.3
2025-10-09 21:33:44,039 INFO o.a.j.JMeter: java.version=1.8.0_461
2025-10-09 21:33:44,039 INFO o.a.j.JMeter: java.vm.name=Java HotSpot(TM) Client VM
2025-10-09 21:33:44,039 INFO o.a.j.JMeter: os.name=Windows 11
2025-10-09 21:33:44,039 INFO o.a.j.JMeter: os.arch=x86
2025-10-09 21:33:44,039 INFO o.a.j.JMeter: os.version=10.0
2025-10-09 21:33:44,039 INFO o.a.j.JMeter: file.encoding=Cp1252
2025-10-09 21:33:44,039 INFO o.a.j.JMeter: java.awt.headless=true
2025-10-09 21:33:44,039 INFO o.a.j.JMeter: Max memory     =1073741824
2025-10-09 21:33:44,039 INFO o.a.j.JMeter: Available Processors =8
2025-10-09 21:33:44,042 INFO o.a.j.JMeter: Default Locale=English (EN)
2025-10-09 21:33:44,042 INFO o.a.j.JMeter: JMeter  Locale=English (EN)
2025-10-09 21:33:44,043 INFO o.a.j.JMeter: JMeterHome=C:\Users\dot\Downloads\apache-jmeter-5.6.3
2025-10-09 21:33:44,043 INFO o.a.j.JMeter: user.dir  =C:\Users\dot\Downloads\apache-jmeter-5.6.3\bin
2025-10-09 21:33:44,043 INFO o.a.j.JMeter: PWD       =C:\Users\dot\Downloads\apache-jmeter-5.6.3\bin
2025-10-09 21:33:44,044 INFO o.a.j.JMeter: IP: 172.20.10.4 Name: DESKTOP-5QL45GN FullName: DESKTOP-5QL45GN
2025-10-09 21:33:44,094 ERROR o.a.j.JMeter: An error occurred: 
java.lang.IllegalArgumentException: Cannot write to 'C:\xampp\htdocs\sistema-deportivo\reporte-html' as folder is not empty and cleanup failed with error:1 exception(s): [org.apache.commons.io.IOIndexedException: IOException #0: Cannot delete file: C:\xampp\htdocs\sistema-deportivo\reporte-html\jmeter-generate.log]
	at org.apache.jorphan.util.JOrphanUtils.canSafelyWriteToFolder(JOrphanUtils.java:657) ~[jorphan.jar:5.6.3]
	at org.apache.jorphan.util.JOrphanUtils.canSafelyWriteToFolder(JOrphanUtils.java:620) ~[jorphan.jar:5.6.3]
	at org.apache.jmeter.JMeter.extractAndSetReportOutputFolder(JMeter.java:542) ~[ApacheJMeter_core.jar:5.6.3]
	at org.apache.jmeter.JMeter.start(JMeter.java:483) [ApacheJMeter_core.jar:5.6.3]
	at sun.reflect.NativeMethodAccessorImpl.invoke0(Native Method) ~[?:1.8.0_461]
	at sun.reflect.NativeMethodAccessorImpl.invoke(Unknown Source) ~[?:1.8.0_461]
	at sun.reflect.DelegatingMethodAccessorImpl.invoke(Unknown Source) ~[?:1.8.0_461]
	at java.lang.reflect.Method.invoke(Unknown Source) ~[?:1.8.0_461]
	at org.apache.jmeter.NewDriver.main(NewDriver.java:259) [ApacheJMeter.jar:5.6.3]
Caused by: org.apache.commons.io.IOExceptionList: 1 exception(s): [org.apache.commons.io.IOIndexedException: IOException #0: Cannot delete file: C:\xampp\htdocs\sistema-deportivo\reporte-html\jmeter-generate.log]
	at org.apache.commons.io.IOExceptionList.checkEmpty(IOExceptionList.java:50) ~[commons-io-2.15.1.jar:2.15.1]
	at org.apache.commons.io.function.IOStream.forAll(IOStream.java:359) ~[commons-io-2.15.1.jar:2.15.1]
	at org.apache.commons.io.function.IOStreams.forAll(IOStreams.java:42) ~[commons-io-2.15.1.jar:2.15.1]
	at org.apache.commons.io.function.IOStreams.forAll(IOStreams.java:36) ~[commons-io-2.15.1.jar:2.15.1]
	at org.apache.commons.io.function.IOConsumer.forAll(IOConsumer.java:80) ~[commons-io-2.15.1.jar:2.15.1]
	at org.apache.commons.io.FileUtils.cleanDirectory(FileUtils.java:334) ~[commons-io-2.15.1.jar:2.15.1]
	at org.apache.commons.io.FileUtils.deleteDirectory(FileUtils.java:1188) ~[commons-io-2.15.1.jar:2.15.1]
	at org.apache.jorphan.util.JOrphanUtils.canSafelyWriteToFolder(JOrphanUtils.java:654) ~[jorphan.jar:5.6.3]
	... 8 more
Caused by: org.apache.commons.io.IOIndexedException: IOException #0: Cannot delete file: C:\xampp\htdocs\sistema-deportivo\reporte-html\jmeter-generate.log
	at org.apache.commons.io.function.IOStream.lambda$forAll$11(IOStream.java:354) ~[commons-io-2.15.1.jar:2.15.1]
	at java.util.Spliterators$ArraySpliterator.forEachRemaining(Unknown Source) ~[?:1.8.0_461]
	at java.util.stream.ReferencePipeline$Head.forEach(Unknown Source) ~[?:1.8.0_461]
	at org.apache.commons.io.function.IOStream.forAll(IOStream.java:345) ~[commons-io-2.15.1.jar:2.15.1]
	at org.apache.commons.io.function.IOStreams.forAll(IOStreams.java:42) ~[commons-io-2.15.1.jar:2.15.1]
	at org.apache.commons.io.function.IOStreams.forAll(IOStreams.java:36) ~[commons-io-2.15.1.jar:2.15.1]
	at org.apache.commons.io.function.IOConsumer.forAll(IOConsumer.java:80) ~[commons-io-2.15.1.jar:2.15.1]
	at org.apache.commons.io.FileUtils.cleanDirectory(FileUtils.java:334) ~[commons-io-2.15.1.jar:2.15.1]
	at org.apache.commons.io.FileUtils.deleteDirectory(FileUtils.java:1188) ~[commons-io-2.15.1.jar:2.15.1]
	at org.apache.jorphan.util.JOrphanUtils.canSafelyWriteToFolder(JOrphanUtils.java:654) ~[jorphan.jar:5.6.3]
	... 8 more
Caused by: java.io.IOException: Cannot delete file: C:\xampp\htdocs\sistema-deportivo\reporte-html\jmeter-generate.log
	at org.apache.commons.io.FileUtils.forceDelete(FileUtils.java:1336) ~[commons-io-2.15.1.jar:2.15.1]
	at org.apache.commons.io.function.IOStream.lambda$forAll$11(IOStream.java:347) ~[commons-io-2.15.1.jar:2.15.1]
	at java.util.Spliterators$ArraySpliterator.forEachRemaining(Unknown Source) ~[?:1.8.0_461]
	at java.util.stream.ReferencePipeline$Head.forEach(Unknown Source) ~[?:1.8.0_461]
	at org.apache.commons.io.function.IOStream.forAll(IOStream.java:345) ~[commons-io-2.15.1.jar:2.15.1]
	at org.apache.commons.io.function.IOStreams.forAll(IOStreams.java:42) ~[commons-io-2.15.1.jar:2.15.1]
	at org.apache.commons.io.function.IOStreams.forAll(IOStreams.java:36) ~[commons-io-2.15.1.jar:2.15.1]
	at org.apache.commons.io.function.IOConsumer.forAll(IOConsumer.java:80) ~[commons-io-2.15.1.jar:2.15.1]
	at org.apache.commons.io.FileUtils.cleanDirectory(FileUtils.java:334) ~[commons-io-2.15.1.jar:2.15.1]
	at org.apache.commons.io.FileUtils.deleteDirectory(FileUtils.java:1188) ~[commons-io-2.15.1.jar:2.15.1]
	at org.apache.jorphan.util.JOrphanUtils.canSafelyWriteToFolder(JOrphanUtils.java:654) ~[jorphan.jar:5.6.3]
	... 8 more
Caused by: java.nio.file.FileSystemException: C:\xampp\htdocs\sistema-deportivo\reporte-html\jmeter-generate.log: El proceso no tiene acceso al archivo porque está siendo utilizado por otro proceso.

	at sun.nio.fs.WindowsException.translateToIOException(Unknown Source) ~[?:1.8.0_461]
	at sun.nio.fs.WindowsException.rethrowAsIOException(Unknown Source) ~[?:1.8.0_461]
	at sun.nio.fs.WindowsException.rethrowAsIOException(Unknown Source) ~[?:1.8.0_461]
	at sun.nio.fs.WindowsFileSystemProvider.implDelete(Unknown Source) ~[?:1.8.0_461]
	at sun.nio.fs.AbstractFileSystemProvider.deleteIfExists(Unknown Source) ~[?:1.8.0_461]
	at java.nio.file.Files.deleteIfExists(Unknown Source) ~[?:1.8.0_461]
	at org.apache.commons.io.file.PathUtils.deleteFile(PathUtils.java:569) ~[commons-io-2.15.1.jar:2.15.1]
	at org.apache.commons.io.file.PathUtils.delete(PathUtils.java:475) ~[commons-io-2.15.1.jar:2.15.1]
	at org.apache.commons.io.FileUtils.forceDelete(FileUtils.java:1333) ~[commons-io-2.15.1.jar:2.15.1]
	at org.apache.commons.io.function.IOStream.lambda$forAll$11(IOStream.java:347) ~[commons-io-2.15.1.jar:2.15.1]
	at java.util.Spliterators$ArraySpliterator.forEachRemaining(Unknown Source) ~[?:1.8.0_461]
	at java.util.stream.ReferencePipeline$Head.forEach(Unknown Source) ~[?:1.8.0_461]
	at org.apache.commons.io.function.IOStream.forAll(IOStream.java:345) ~[commons-io-2.15.1.jar:2.15.1]
	at org.apache.commons.io.function.IOStreams.forAll(IOStreams.java:42) ~[commons-io-2.15.1.jar:2.15.1]
	at org.apache.commons.io.function.IOStreams.forAll(IOStreams.java:36) ~[commons-io-2.15.1.jar:2.15.1]
	at org.apache.commons.io.function.IOConsumer.forAll(IOConsumer.java:80) ~[commons-io-2.15.1.jar:2.15.1]
	at org.apache.commons.io.FileUtils.cleanDirectory(FileUtils.java:334) ~[commons-io-2.15.1.jar:2.15.1]
	at org.apache.commons.io.FileUtils.deleteDirectory(FileUtils.java:1188) ~[commons-io-2.15.1.jar:2.15.1]
	at org.apache.jorphan.util.JOrphanUtils.canSafelyWriteToFolder(JOrphanUtils.java:654) ~[jorphan.jar:5.6.3]
	... 8 more
